#
# A fatal error has been detected by the Java Runtime Environment:
#
#  SIGSEGV (0xb) at pc=0x00007fc91e41fd32, pid=144894, tid=144899
#
# JRE version: OpenJDK Runtime Environment Temurin-17.0.9+9 (17.0.9+9) (build 17.0.9+9)
# Java VM: OpenJDK 64-Bit Server VM Temurin-17.0.9+9 (17.0.9+9, mixed mode, tiered, compressed oops, compressed class ptrs, g1 gc, linux-amd64)
# Problematic frame:
# J 222 c1 java.lang.invoke.MethodType.checkPtypes([Ljava/lang/Class;)I java.base@17.0.9 (76 bytes) @ 0x00007fc91e41fd32 [0x00007fc91e41fb00+0x0000000000000232]
#
# Core dump will be written. Default location: Core dumps may be processed with "/usr/share/apport/apport -p%p -s%s -c%c -d%d -P%P -u%u -g%g -- %E" (or dumping to /home/dell/Downloads/projects/PaintikaApp/core.144894)
#
# If you would like to submit a bug report, please visit:
#   https://github.com/adoptium/adoptium-support/issues
#

---------------  S U M M A R Y ------------

Command Line: -Dapplication.home=/home/dell/.vscode/extensions/redhat.java-1.25.1-linux-x64/jre/17.0.9-linux-x86_64 -Xms8m -Djdk.module.main=jdk.jcmd jdk.jcmd/sun.tools.jcmd.JCmd 12637 VM.uptime

Host: AMD A6-6310 APU with AMD Radeon R4 Graphics, 4 cores, 6G, Ubuntu 20.04.6 LTS
Time: Tue Jan  9 19:20:27 2024 IST elapsed time: 0.576781 seconds (0d 0h 0m 0s)

---------------  T H R E A D  ---------------

Current thread (0x00007fc930025960):  JavaThread "main" [_thread_in_Java, id=144899, stack(0x00007fc935fda000,0x00007fc9360db000)]

Stack: [0x00007fc935fda000,0x00007fc9360db000],  sp=0x00007fc9360d8070,  free space=1016k
Native frames: (J=compiled Java code, j=interpreted, Vv=VM code, C=native code)
J 222 c1 java.lang.invoke.MethodType.checkPtypes([Ljava/lang/Class;)I java.base@17.0.9 (76 bytes) @ 0x00007fc91e41fd32 [0x00007fc91e41fb00+0x0000000000000232]
J 171 c1 java.lang.invoke.MethodType.makeImpl(Ljava/lang/Class;[Ljava/lang/Class;Z)Ljava/lang/invoke/MethodType; java.base@17.0.9 (109 bytes) @ 0x00007fc91e40c2a4 [0x00007fc91e40bec0+0x00000000000003e4]
j  java.lang.invoke.MethodHandleNatives.findMethodHandleType(Ljava/lang/Class;[Ljava/lang/Class;)Ljava/lang/invoke/MethodType;+3 java.base@17.0.9
v  ~StubRoutines::call_stub
V  [libjvm.so+0x829765]  JavaCalls::call_helper(JavaValue*, methodHandle const&, JavaCallArguments*, JavaThread*)+0x315
V  [libjvm.so+0x829b0c]  JavaCalls::call_static(JavaValue*, Klass*, Symbol*, Symbol*, JavaCallArguments*, JavaThread*)+0x10c
V  [libjvm.so+0xe12086]  SystemDictionary::find_method_handle_type(Symbol*, Klass*, JavaThread*)+0x7a6
V  [libjvm.so+0xbbeb5e]  MethodHandles::resolve_MemberName_type(Handle, Klass*, JavaThread*)+0x18e
V  [libjvm.so+0xe126ce]  SystemDictionary::link_method_handle_constant(Klass*, int, Klass*, Symbol*, Symbol*, JavaThread*)+0x24e
V  [libjvm.so+0x60127e]  ConstantPool::resolve_constant_at_impl(constantPoolHandle const&, int, int, bool*, JavaThread*)+0x5ce
V  [libjvm.so+0x601a8d]  ConstantPool::copy_bootstrap_arguments_at_impl(constantPoolHandle const&, int, int, int, objArrayHandle, int, bool, Handle, JavaThread*)+0x18d
V  [libjvm.so+0x44ce64]  BootstrapInfo::resolve_args(JavaThread*)+0x404
V  [libjvm.so+0x44d1b7]  BootstrapInfo::resolve_bsm(JavaThread*)+0x1f7
V  [libjvm.so+0xe12f6e]  SystemDictionary::invoke_bootstrap_method(BootstrapInfo&, JavaThread*)+0x2e
V  [libjvm.so+0xa914f2]  LinkResolver::resolve_dynamic_call(CallInfo&, BootstrapInfo&, JavaThread*)+0x22
V  [libjvm.so+0xa9168e]  LinkResolver::resolve_invokedynamic(CallInfo&, constantPoolHandle const&, int, JavaThread*)+0xbe
V  [libjvm.so+0x82261e]  InterpreterRuntime::resolve_invokedynamic(JavaThread*)+0x11e
V  [libjvm.so+0x8248c5]  InterpreterRuntime::resolve_from_cache(JavaThread*, Bytecodes::Code)+0x185
j  sun.net.www.protocol.jrt.JavaRuntimeURLConnection.<clinit>()V+0 java.base@17.0.9
v  ~StubRoutines::call_stub
V  [libjvm.so+0x829765]  JavaCalls::call_helper(JavaValue*, methodHandle const&, JavaCallArguments*, JavaThread*)+0x315
V  [libjvm.so+0x807ecb]  InstanceKlass::call_class_initializer(JavaThread*)+0x24b
V  [libjvm.so+0x80a591]  InstanceKlass::initialize_impl(JavaThread*)+0x6f1
V  [libjvm.so+0x822251]  InterpreterRuntime::_new(JavaThread*, ConstantPool*, int)+0x171
j  sun.net.www.protocol.jrt.Handler.openConnection(Ljava/net/URL;)Ljava/net/URLConnection;+0 java.base@17.0.9
j  java.net.URL.openConnection()Ljava/net/URLConnection;+5 java.base@17.0.9
j  java.net.URL.openStream()Ljava/io/InputStream;+1 java.base@17.0.9
j  sun.jvmstat.perfdata.monitor.AliasFileParser.parse(Ljava/util/Map;)V+20 jdk.internal.jvmstat@17.0.9
j  sun.jvmstat.perfdata.monitor.PerfDataBufferImpl.buildAliasMap()V+107 jdk.internal.jvmstat@17.0.9
j  sun.jvmstat.perfdata.monitor.PerfDataBufferImpl.findByName(Ljava/lang/String;)Lsun/jvmstat/monitor/Monitor;+27 jdk.internal.jvmstat@17.0.9
j  sun.jvmstat.perfdata.monitor.AbstractPerfDataBuffer.findByName(Ljava/lang/String;)Lsun/jvmstat/monitor/Monitor;+5 jdk.internal.jvmstat@17.0.9
j  sun.jvmstat.perfdata.monitor.AbstractMonitoredVm.findByName(Ljava/lang/String;)Lsun/jvmstat/monitor/Monitor;+5 jdk.internal.jvmstat@17.0.9
j  sun.jvmstat.monitor.MonitoredVmUtil.isAttachable(Lsun/jvmstat/monitor/MonitoredVm;)Z+3 jdk.internal.jvmstat@17.0.9
j  sun.tools.attach.HotSpotAttachProvider.testAttachable(Ljava/lang/String;)V+25 jdk.attach@17.0.9
j  sun.tools.attach.AttachProviderImpl.attachVirtualMachine(Ljava/lang/String;)Lcom/sun/tools/attach/VirtualMachine;+6 jdk.attach@17.0.9
j  com.sun.tools.attach.VirtualMachine.attach(Ljava/lang/String;)Lcom/sun/tools/attach/VirtualMachine;+69 jdk.attach@17.0.9
j  sun.tools.jcmd.JCmd.executeCommandForPid(Ljava/lang/String;Ljava/lang/String;)V+1 jdk.jcmd@17.0.9
j  sun.tools.jcmd.JCmd.main([Ljava/lang/String;)V+255 jdk.jcmd@17.0.9
v  ~StubRoutines::call_stub
V  [libjvm.so+0x829765]  JavaCalls::call_helper(JavaValue*, methodHandle const&, JavaCallArguments*, JavaThread*)+0x315
V  [libjvm.so+0x8c272b]  jni_invoke_static(JNIEnv_*, JavaValue*, _jobject*, JNICallType, _jmethodID*, JNI_ArgumentPusher*, JavaThread*) [clone .constprop.1]+0x38b
V  [libjvm.so+0x8c5175]  jni_CallStaticVoidMethod+0x175
C  [libjli.so+0xa8de]  JavaMain+0xcfe
C  [libjli.so+0xdf69]  ThreadJavaMain+0x9


siginfo: si_signo: 11 (SIGSEGV), si_code: 1 (SEGV_MAPERR), si_addr: 0x00006fc90058b1b4

Registers:
RAX=0x00006fc90058b0c0, RBX=0x0000000000000000, RCX=0x0000000000000001, RDX=0x0000000000000138
RSP=0x00007fc9360d8070, RBP=0x00007fc9360d8240, RSI=0x00000000953d8840, RDI=0x00000000000000c4
R8 =0x0000000000000000, R9 =0x0000000000000000, R10=0x0000000000000010, R11=0x00007fc91e40bec0
R12=0x0000000000000000, R13=0x00007fc9360d81e0, R14=0x00007fc9360d8258, R15=0x00007fc930025960
RIP=0x00007fc91e41fd32, EFLAGS=0x0000000000010202, CSGSFS=0x002b000000000033, ERR=0x0000000000000004
  TRAPNO=0x000000000000000e


Register to memory mapping:

RAX=0x00006fc90058b0c0 is an unknown value
RBX=0x0 is NULL
RCX=0x0000000000000001 is an unknown value
RDX=0x0000000000000138 is an unknown value
RSP=0x00007fc9360d8070 is pointing into the stack for thread: 0x00007fc930025960
RBP=0x00007fc9360d8240 is pointing into the stack for thread: 0x00007fc930025960
RSI=0x00000000953d8840 is an oop: [Ljava.lang.Class; 
{0x00000000953d8840} - klass: 'java/lang/Class'[]
 - length: 0
RDI=0x00000000000000c4 is an unknown value
R8 =0x0 is NULL
R9 =0x0 is NULL
R10=0x0000000000000010 is an unknown value
R11=0x00007fc91e40bec0 is at entry_point+0 in (nmethod*)0x00007fc91e40bc10
Compiled method (c1)    1002  171       3       java.lang.invoke.MethodType::makeImpl (109 bytes)
 total in heap  [0x00007fc91e40bc10,0x00007fc91e40d060] = 5200
 relocation     [0x00007fc91e40bd70,0x00007fc91e40beb8] = 328
 main code      [0x00007fc91e40bec0,0x00007fc91e40cba0] = 3296
 stub code      [0x00007fc91e40cba0,0x00007fc91e40cc50] = 176
 metadata       [0x00007fc91e40cc50,0x00007fc91e40cc88] = 56
 scopes data    [0x00007fc91e40cc88,0x00007fc91e40ce38] = 432
 scopes pcs     [0x00007fc91e40ce38,0x00007fc91e40d028] = 496
 dependencies   [0x00007fc91e40d028,0x00007fc91e40d030] = 8
 nul chk table  [0x00007fc91e40d030,0x00007fc91e40d060] = 48
R12=0x0 is NULL
R13=0x00007fc9360d81e0 is pointing into the stack for thread: 0x00007fc930025960
R14=0x00007fc9360d8258 is pointing into the stack for thread: 0x00007fc930025960
R15=0x00007fc930025960 is a thread


Top of Stack: (sp=0x00007fc9360d8070)
0x00007fc9360d8070:   00007fc9360d8240 00007fc91e414e44
0x00007fc9360d8080:   00007fc9360d8080 00007fc9000899bb
0x00007fc9360d8090:   00007fc9360d80e0 00007fc900311750
0x00007fc9360d80a0:   00007fc9345a46b8 00007fc9345a4698
0x00007fc9360d80b0:   00007fc9360d80e0 00007fc936a367c5
0x00007fc9360d80c0:   0000000000000000 0000000000000001
0x00007fc9360d80d0:   000000010004d528 00000000953d87b8
0x00007fc9360d80e0:   000000009511e148 00007fc936cc52fc
0x00007fc9360d80f0:   00007fc90008991a 00007fc9360d83e0
0x00007fc9360d8100:   0000000000000000 000000009511e148
0x00007fc9360d8110:   00007fc9360d8240 00007fc91e40c2a4
0x00007fc9360d8120:   000000009511e148 00007fc936cc6fdd
0x00007fc9360d8130:   00007fc9360d83a0 00007fc91e3fcc7c
0x00007fc9360d8140:   0000000095204b80 00007fc9345a66e8
0x00007fc9360d8150:   00007fc930025960 0000000000000000
0x00007fc9360d8160:   00007fc90007d598 00007fc930025960
0x00007fc9360d8170:   00007fc9360d82f0 00000000953d58d8
0x00007fc9360d8180:   00007fc900000001 00000000953d8840
0x00007fc9360d8190:   000000009511e148 00007fc90000bff8
0x00007fc9360d81a0:   00000000953d87d0 000000009511e040
0x00007fc9360d81b0:   0000000055051573 0000000095204c80
0x00007fc9360d81c0:   00007fc9360d8240 00007fc92591b385
0x00007fc9360d81d0:   00007fc93724dad3 00007fc92591b385
0x00007fc9360d81e0:   0000000000000001 000000009511e138
0x00007fc9360d81f0:   00000000953d58d8 00007fc9360d81f8
0x00007fc9360d8200:   00007fc90007d58b 00007fc9360d8258
0x00007fc9360d8210:   00007fc9001f7c28 0000000000000000
0x00007fc9360d8220:   00000000953032f8 00007fc90007d598
0x00007fc9360d8230:   00007fc9360d81e0 00007fc9360d8250
0x00007fc9360d8240:   00007fc9360d82c0 00007fc925912cc9
0x00007fc9360d8250:   000000009511e138 00000000953d58d8
0x00007fc9360d8260:   00007fc900001fa0 00007fc9360d83d0 

Instructions: (pc=0x00007fc91e41fd32)
0x00007fc91e41fc32:   48 8d 7f 01 48 89 3c 10 0f 84 e6 03 00 00 49 ba
0x00007fc91e41fc42:   50 01 30 95 00 00 00 00 4d 3b da 48 b8 38 e7 58
0x00007fc91e41fc52:   00 c9 7f 00 00 48 ba 98 01 00 00 00 00 00 00 0f
0x00007fc91e41fc62:   84 0a 00 00 00 48 ba a8 01 00 00 00 00 00 00 48
0x00007fc91e41fc72:   8b 3c 10 48 8d 7f 01 48 89 3c 10 0f 84 43 00 00
0x00007fc91e41fc82:   00 49 ba 10 03 30 95 00 00 00 00 4d 3b da 48 b8
0x00007fc91e41fc92:   38 e7 58 00 c9 7f 00 00 48 ba b8 01 00 00 00 00
0x00007fc91e41fca2:   00 00 0f 85 0a 00 00 00 48 ba c8 01 00 00 00 00
0x00007fc91e41fcb2:   00 00 48 8b 3c 10 48 8d 7f 01 48 89 3c 10 0f 85
0x00007fc91e41fcc2:   03 00 00 00 41 ff c1 41 ff c0 48 b8 38 e7 58 00
0x00007fc91e41fcd2:   c9 7f 00 00 8b 90 f8 00 00 00 83 c2 02 89 90 f8
0x00007fc91e41fce2:   00 00 00 81 e2 fe 3f 00 00 83 fa 00 0f 84 e1 04
0x00007fc91e41fcf2:   00 00 4d 8b 97 50 03 00 00 41 85 02 48 b8 38 e7
0x00007fc91e41fd02:   58 00 c9 7f 00 00 ff 80 d8 01 00 00 e9 35 fe ff
0x00007fc91e41fd12:   ff 41 03 d9 48 b8 38 e7 58 00 c9 7f 00 00 48 83
0x00007fc91e41fd22:   80 f0 01 00 00 01 48 b8 c0 b0 58 00 c9 6f 00 00
0x00007fc91e41fd32:   8b 90 f4 00 00 00 83 c2 02 89 90 f4 00 00 00 81
0x00007fc91e41fd42:   e2 fe ff 1f 00 83 fa 00 0f 84 a6 04 00 00 48 8b
0x00007fc91e41fd52:   c3 81 e0 ff 00 00 00 3b c3 48 b8 c0 b0 58 00 c9
0x00007fc91e41fd62:   7f 00 00 48 ba 48 01 00 00 00 00 00 00 0f 85 0a
0x00007fc91e41fd72:   00 00 00 48 ba 38 01 00 00 00 00 00 00 48 8b 34
0x00007fc91e41fd82:   10 48 8d 76 01 48 89 34 10 0f 85 19 00 00 00 49
0x00007fc91e41fd92:   8b c1 48 81 c4 a0 00 00 00 5d 49 3b a7 48 03 00
0x00007fc91e41fda2:   00 0f 87 6e 04 00 00 c3 89 5c 24 58 44 89 4c 24
0x00007fc91e41fdb2:   5c 0f 1f 44 00 00 e9 7f 04 00 00 00 00 00 00 00
0x00007fc91e41fdc2:   49 8b 87 08 01 00 00 48 8d 78 18 49 3b bf 18 01
0x00007fc91e41fdd2:   00 00 0f 87 6c 04 00 00 49 89 bf 08 01 00 00 48
0x00007fc91e41fde2:   c7 00 01 00 00 00 48 8b ca 48 c1 e9 03 89 48 08
0x00007fc91e41fdf2:   48 33 c9 89 48 0c 48 33 c9 48 89 48 10 48 8b d0
0x00007fc91e41fe02:   48 be c0 b0 58 00 c9 7f 00 00 48 83 86 58 01 00
0x00007fc91e41fe12:   00 01 48 ba 68 5c 3e 00 c9 7f 00 00 8b b2 f4 00
0x00007fc91e41fe22:   00 00 83 c6 02 89 b2 f4 00 00 00 81 e6 fe ff 1f 


Stack slot to memory mapping:
stack at sp + 0 slots: 0x00007fc9360d8240 is pointing into the stack for thread: 0x00007fc930025960
stack at sp + 1 slots: 0x00007fc91e414e44 is at entry_point+1028 in (nmethod*)0x00007fc91e414810
Compiled method (c1)    1016  213       3       java.lang.invoke.MethodType$ConcurrentWeakInternSet::get (47 bytes)
 total in heap  [0x00007fc91e414810,0x00007fc91e4156a8] = 3736
 relocation     [0x00007fc91e414970,0x00007fc91e414a40] = 208
 main code      [0x00007fc91e414a40,0x00007fc91e415300] = 2240
 stub code      [0x00007fc91e415300,0x00007fc91e415370] = 112
 metadata       [0x00007fc91e415370,0x00007fc91e4153d0] = 96
 scopes data    [0x00007fc91e4153d0,0x00007fc91e4154d8] = 264
 scopes pcs     [0x00007fc91e4154d8,0x00007fc91e415648] = 368
 dependencies   [0x00007fc91e415648,0x00007fc91e415660] = 24
 handler table  [0x00007fc91e415660,0x00007fc91e415678] = 24
 nul chk table  [0x00007fc91e415678,0x00007fc91e4156a8] = 48
stack at sp + 2 slots: 0x00007fc9360d8080 is pointing into the stack for thread: 0x00007fc930025960
stack at sp + 3 slots: 0x00007fc9000899bb is pointing into metadata
stack at sp + 4 slots: 0x00007fc9360d80e0 is pointing into the stack for thread: 0x00007fc930025960
stack at sp + 5 slots: 0x00007fc900311750 is pointing into metadata
stack at sp + 6 slots: 0x00007fc9345a46b8 points into unknown readable memory: 0x4c2800426869ffff | ff ff 69 68 42 00 28 4c
stack at sp + 7 slots: 0x00007fc9345a4698 points into unknown readable memory: 0x69660014c268ffff | ff ff 68 c2 14 00 66 69


Compiled method (c1)    1073  222       3       java.lang.invoke.MethodType::checkPtypes (76 bytes)
 total in heap  [0x00007fc91e41f890,0x00007fc91e4207d8] = 3912
 relocation     [0x00007fc91e41f9f0,0x00007fc91e41faf8] = 264
 main code      [0x00007fc91e41fb00,0x00007fc91e4203a0] = 2208
 stub code      [0x00007fc91e4203a0,0x00007fc91e420440] = 160
 oops           [0x00007fc91e420440,0x00007fc91e420450] = 16
 metadata       [0x00007fc91e420450,0x00007fc91e420488] = 56
 scopes data    [0x00007fc91e420488,0x00007fc91e420600] = 376
 scopes pcs     [0x00007fc91e420600,0x00007fc91e4207c0] = 448
 dependencies   [0x00007fc91e4207c0,0x00007fc91e4207c8] = 8
 nul chk table  [0x00007fc91e4207c8,0x00007fc91e4207d8] = 16

[Constant Pool (empty)]

[MachCode]
[Verified Entry Point]
  # {method} {0x00007fc900087c60} 'checkPtypes' '([Ljava/lang/Class;)I' in 'java/lang/invoke/MethodType'
  # parm0:    rsi:rsi   = '[Ljava/lang/Class;'
  #           [sp+0xb0]  (sp of caller)
  0x00007fc91e41fb00: 8984 2400 | c0fe ff55 | 4881 eca0 

  0x00007fc91e41fb0c: ;   {metadata(method data for {method} {0x00007fc900087c60} 'checkPtypes' '([Ljava/lang/Class;)I' in 'java/lang/invoke/MethodType')}
  0x00007fc91e41fb0c: 0000 0048 | b838 e758 | 00c9 7f00 | 008b 90f4 | 0000 0083 | c202 8990 | f400 0000 | 81e2 fe07 
  0x00007fc91e41fb2c: 0000 83fa | 000f 8457 | 0600 008b | 5e0c 41b8 | 0000 0000 | 41b9 0000 | 0000 6690 

  0x00007fc91e41fb48: ;   {metadata(method data for {method} {0x00007fc900087c60} 'checkPtypes' '([Ljava/lang/Class;)I' in 'java/lang/invoke/MethodType')}
  0x00007fc91e41fb48: 443b c348 | b838 e758 | 00c9 7f00 | 0048 ba38 | 0100 0000 | 0000 000f | 8d0a 0000 | 0048 ba48 
  0x00007fc91e41fb68: 0100 0000 | 0000 0048 | 8b3c 1048 | 8d7f 0148 | 893c 100f | 8d92 0100 | 0049 63c0 | 448b 5c86 
  0x00007fc91e41fb88: ;   {metadata(method data for {method} {0x00007fc900087c60} 'checkPtypes' '([Ljava/lang/Class;)I' in 'java/lang/invoke/MethodType')}
  0x00007fc91e41fb88: 1048 b838 | e758 00c9 | 7f00 0048 | 8380 5801 

  0x00007fc91e41fb98: ;   {metadata(method data for {method} {0x00007fc90011db30} 'requireNonNull' '(Ljava/lang/Object;)Ljava/lang/Object;' in 'java/util/Objects')}
  0x00007fc91e41fb98: 0000 0148 | b8c0 2424 | 00c9 7f00 | 008b 90f4 | 0000 0083 | c202 8990 | f400 0000 | 81e2 feff 
  0x00007fc91e41fbb8: 1f00 83fa | 000f 84f1 | 0500 0049 

  0x00007fc91e41fbc4: ;   {metadata(method data for {method} {0x00007fc90011db30} 'requireNonNull' '(Ljava/lang/Object;)Ljava/lang/Object;' in 'java/util/Objects')}
  0x00007fc91e41fbc4: 83fb 0048 | b8c0 2424 | 00c9 7f00 | 0048 ba48 | 0100 0000 | 0000 000f | 840a 0000 | 0048 ba38 
  0x00007fc91e41fbe4: 0100 0000 | 0000 0048 | 8b3c 1048 | 8d7f 0148 | 893c 100f | 84e9 0400 

  0x00007fc91e41fbfc: ;   {oop(a 'java/lang/Class'{0x0000000095300380} = void)}
  0x00007fc91e41fbfc: 0049 ba80 | 0330 9500 | 0000 004d 

  0x00007fc91e41fc08: ;   {metadata(method data for {method} {0x00007fc900087c60} 'checkPtypes' '([Ljava/lang/Class;)I' in 'java/lang/invoke/MethodType')}
  0x00007fc91e41fc08: 3bda 48b8 | 38e7 5800 | c97f 0000 | 48ba 7801 | 0000 0000 | 0000 0f84 | 0a00 0000 | 48ba 6801 
  0x00007fc91e41fc28: 0000 0000 | 0000 488b | 3c10 488d | 7f01 4889 | 3c10 0f84 | e603 0000 

  0x00007fc91e41fc40: ;   {oop(a 'java/lang/Class'{0x0000000095300150} = double)}
  0x00007fc91e41fc40: 49ba 5001 | 3095 0000 | 0000 4d3b 

  0x00007fc91e41fc4c: ;   {metadata(method data for {method} {0x00007fc900087c60} 'checkPtypes' '([Ljava/lang/Class;)I' in 'java/lang/invoke/MethodType')}
  0x00007fc91e41fc4c: da48 b838 | e758 00c9 | 7f00 0048 | ba98 0100 | 0000 0000 | 000f 840a | 0000 0048 | baa8 0100 
  0x00007fc91e41fc6c: 0000 0000 | 0048 8b3c | 1048 8d7f | 0148 893c | 100f 8443 

  0x00007fc91e41fc80: ;   {oop(a 'java/lang/Class'{0x0000000095300310} = long)}
  0x00007fc91e41fc80: 0000 0049 | ba10 0330 | 9500 0000 | 004d 3bda 

  0x00007fc91e41fc90: ;   {metadata(method data for {method} {0x00007fc900087c60} 'checkPtypes' '([Ljava/lang/Class;)I' in 'java/lang/invoke/MethodType')}
  0x00007fc91e41fc90: 48b8 38e7 | 5800 c97f | 0000 48ba | b801 0000 | 0000 0000 | 0f85 0a00 | 0000 48ba | c801 0000 
  0x00007fc91e41fcb0: 0000 0000 | 488b 3c10 | 488d 7f01 | 4889 3c10 | 0f85 0300 | 0000 41ff | c141 ffc0 

  0x00007fc91e41fccc: ;   {metadata(method data for {method} {0x00007fc900087c60} 'checkPtypes' '([Ljava/lang/Class;)I' in 'java/lang/invoke/MethodType')}
  0x00007fc91e41fccc: 48b8 38e7 | 5800 c97f | 0000 8b90 | f800 0000 | 83c2 0289 | 90f8 0000 | 0081 e2fe | 3f00 0083 
  0x00007fc91e41fcec: fa00 0f84 | e104 0000 | 4d8b 9750 

  0x00007fc91e41fcf8: ; ImmutableOopMap {rsi=Oop }
                      ;*goto {reexecute=1 rethrow=0 return_oop=0}
                      ; - (reexecute) java.lang.invoke.MethodType::checkPtypes@64
                      ;   {poll}
  0x00007fc91e41fcf8: 0300 0041 

  0x00007fc91e41fcfc: ;   {metadata(method data for {method} {0x00007fc900087c60} 'checkPtypes' '([Ljava/lang/Class;)I' in 'java/lang/invoke/MethodType')}
  0x00007fc91e41fcfc: 8502 48b8 | 38e7 5800 | c97f 0000 | ff80 d801 | 0000 e935 | feff ff41 

  0x00007fc91e41fd14: ;   {metadata(method data for {method} {0x00007fc900087c60} 'checkPtypes' '([Ljava/lang/Class;)I' in 'java/lang/invoke/MethodType')}
  0x00007fc91e41fd14: 03d9 48b8 | 38e7 5800 | c97f 0000 | 4883 80f0 | 0100 0001 
[error occurred during error reporting (printing code blobs if possible), id 0xb, SIGSEGV (0xb) at pc=0x00007fc936e1dc5e]


---------------  P R O C E S S  ---------------

Threads class SMR info:
_java_thread_list=0x00007fc9301f7b70, length=11, elements={
0x00007fc930025960, 0x00007fc930124f70, 0x00007fc930126520, 0x00007fc9301479f0,
0x00007fc93014b300, 0x00007fc93014c2d0, 0x00007fc93014d960, 0x00007fc93014ee50,
0x00007fc9301582e0, 0x00007fc9301cba90, 0x00007fc9301f6be0
}

Java Threads: ( => current thread )
=>0x00007fc930025960 JavaThread "main" [_thread_in_Java, id=144899, stack(0x00007fc935fda000,0x00007fc9360db000)]
  0x00007fc930124f70 JavaThread "Reference Handler" daemon [_thread_blocked, id=144906, stack(0x00007fc934301000,0x00007fc934402000)]
  0x00007fc930126520 JavaThread "Finalizer" daemon [_thread_blocked, id=144907, stack(0x00007fc934200000,0x00007fc934301000)]
  0x00007fc9301479f0 JavaThread "Signal Dispatcher" daemon [_thread_blocked, id=144908, stack(0x00007fc9340ff000,0x00007fc934200000)]
  0x00007fc93014b300 JavaThread "Service Thread" daemon [_thread_blocked, id=144909, stack(0x00007fc9187ca000,0x00007fc9188cb000)]
  0x00007fc93014c2d0 JavaThread "Monitor Deflation Thread" daemon [_thread_blocked, id=144910, stack(0x00007fc9186c9000,0x00007fc9187ca000)]
  0x00007fc93014d960 JavaThread "C2 CompilerThread0" daemon [_thread_blocked, id=144911, stack(0x00007fc9185c8000,0x00007fc9186c9000)]
  0x00007fc93014ee50 JavaThread "C1 CompilerThread0" daemon [_thread_blocked, id=144912, stack(0x00007fc9184c7000,0x00007fc9185c8000)]
  0x00007fc9301582e0 JavaThread "Sweeper thread" daemon [_thread_blocked, id=144913, stack(0x00007fc9183c6000,0x00007fc9184c7000)]
  0x00007fc9301cba90 JavaThread "Notification Thread" daemon [_thread_blocked, id=144920, stack(0x00007fc9182c5000,0x00007fc9183c6000)]
  0x00007fc9301f6be0 JavaThread "Common-Cleaner" daemon [_thread_blocked, id=144922, stack(0x00007fc9180c3000,0x00007fc9181c4000)]

Other Threads:
  0x00007fc9300d11e0 VMThread "VM Thread" [stack: 0x00007fc934403000,0x00007fc934503000] [id=144905]
  0x00007fc9301cd160 WatcherThread [stack: 0x00007fc9181c5000,0x00007fc9182c5000] [id=144921]
  0x00007fc930077290 GCTaskThread "GC Thread#0" [stack: 0x00007fc934e47000,0x00007fc934f47000] [id=144900]
  0x00007fc930085f00 ConcurrentGCThread "G1 Main Marker" [stack: 0x00007fc934d46000,0x00007fc934e46000] [id=144901]
  0x00007fc930086e70 ConcurrentGCThread "G1 Conc#0" [stack: 0x00007fc934c45000,0x00007fc934d45000] [id=144902]
  0x00007fc93009e4f0 ConcurrentGCThread "G1 Refine#0" [stack: 0x00007fc934740000,0x00007fc934840000] [id=144903]
  0x00007fc93009f3f0 ConcurrentGCThread "G1 Service" [stack: 0x00007fc93463f000,0x00007fc93473f000] [id=144904]

Threads with active compile tasks:

VM state: not at safepoint (normal execution)

VM Mutex/Monitor currently owned by a thread: None

Heap address: 0x0000000094c00000, size: 1716 MB, Compressed Oops mode: 32-bit

CDS archive(s) not mapped
Compressed class space mapped at: 0x0000000100000000-0x0000000140000000, reserved size: 1073741824
Narrow klass base: 0x0000000000000000, Narrow klass shift: 3, Narrow klass range: 0x140000000

GC Precious Log:
 CPUs: 4 total, 4 available
 Memory: 6856M
 Large Page Support: Disabled
 NUMA Support: Disabled
 Compressed Oops: Enabled (32-bit)
 Heap Region Size: 1M
 Heap Min Capacity: 8M
 Heap Initial Capacity: 8M
 Heap Max Capacity: 1716M
 Pre-touch: Disabled
 Parallel Workers: 4
 Concurrent Workers: 1
 Concurrent Refinement Workers: 4
 Periodic GC: Disabled

Heap:
 garbage-first heap   total 8192K, used 2048K [0x0000000094c00000, 0x0000000100000000)
  region size 1024K, 3 young (3072K), 0 survivors (0K)
 Metaspace       used 5687K, committed 5824K, reserved 1114112K
  class space    used 556K, committed 640K, reserved 1048576K

Heap Regions: E=young(eden), S=young(survivor), O=old, HS=humongous(starts), HC=humongous(continues), CS=collection set, F=free, OA=open archive, CA=closed archive, TAMS=top-at-mark-start (previous, next)
|   0|0x0000000094c00000, 0x0000000094c00000, 0x0000000094d00000|  0%| F|  |TAMS 0x0000000094c00000, 0x0000000094c00000| Untracked 
|   1|0x0000000094d00000, 0x0000000094d00000, 0x0000000094e00000|  0%| F|  |TAMS 0x0000000094d00000, 0x0000000094d00000| Untracked 
|   2|0x0000000094e00000, 0x0000000094e00000, 0x0000000094f00000|  0%| F|  |TAMS 0x0000000094e00000, 0x0000000094e00000| Untracked 
|   3|0x0000000094f00000, 0x0000000094f00000, 0x0000000095000000|  0%| F|  |TAMS 0x0000000094f00000, 0x0000000094f00000| Untracked 
|   4|0x0000000095000000, 0x0000000095000000, 0x0000000095100000|  0%| F|  |TAMS 0x0000000095000000, 0x0000000095000000| Untracked 
|   5|0x0000000095100000, 0x000000009511f728, 0x0000000095200000| 12%| E|  |TAMS 0x0000000095100000, 0x0000000095100000| Complete 
|   6|0x0000000095200000, 0x0000000095300000, 0x0000000095300000|100%| E|CS|TAMS 0x0000000095200000, 0x0000000095200000| Complete 
|   7|0x0000000095300000, 0x0000000095400000, 0x0000000095400000|100%| E|CS|TAMS 0x0000000095300000, 0x0000000095300000| Complete 

Card table byte_map: [0x00007fc9352db000,0x00007fc935635000] _byte_map_base: 0x00007fc934e35000

Marking Bits (Prev, Next): (CMBitMap*) 0x00007fc930077d20, (CMBitMap*) 0x00007fc930077d60
 Prev Bits: [0x00007fc91c90b000, 0x00007fc91e3db000)
 Next Bits: [0x00007fc91ae3b000, 0x00007fc91c90b000)

Polling page: 0x00007fc9377a7000

Metaspace:

Usage:
  Non-class:      5.01 MB used.
      Class:    556.89 KB used.
       Both:      5.55 MB used.

Virtual space:
  Non-class space:       64.00 MB reserved,       5.06 MB (  8%) committed,  1 nodes.
      Class space:        1.00 GB reserved,     640.00 KB ( <1%) committed,  1 nodes.
             Both:        1.06 GB reserved,       5.69 MB ( <1%) committed. 

Chunk freelists:
   Non-Class:  10.78 MB
       Class:  15.23 MB
        Both:  26.01 MB

MaxMetaspaceSize: unlimited
CompressedClassSpaceSize: 1.00 GB
Initial GC threshold: 21.00 MB
Current GC threshold: 21.00 MB
CDS: off
MetaspaceReclaimPolicy: balanced
 - commit_granule_bytes: 65536.
 - commit_granule_words: 8192.
 - virtual_space_node_default_size: 8388608.
 - enlarge_chunks_in_place: 1.
 - new_chunks_are_fully_committed: 0.
 - uncommit_free_chunks: 1.
 - use_allocation_guard: 0.
 - handle_deallocations: 1.


Internal statistics:

num_allocs_failed_limit: 0.
num_arena_births: 28.
num_arena_deaths: 0.
num_vsnodes_births: 2.
num_vsnodes_deaths: 0.
num_space_committed: 91.
num_space_uncommitted: 0.
num_chunks_returned_to_freelist: 0.
num_chunks_taken_from_freelist: 59.
num_chunk_merges: 0.
num_chunk_splits: 30.
num_chunks_enlarged: 16.
num_inconsistent_stats: 0.

CodeHeap 'non-profiled nmethods': size=120032Kb used=88Kb max_used=88Kb free=119944Kb
 bounds [0x00007fc925ea3000, 0x00007fc926113000, 0x00007fc92d3db000]
CodeHeap 'profiled nmethods': size=120028Kb used=367Kb max_used=367Kb free=119660Kb
 bounds [0x00007fc91e3db000, 0x00007fc91e64b000, 0x00007fc925912000]
CodeHeap 'non-nmethods': size=5700Kb used=1094Kb max_used=1108Kb free=4605Kb
 bounds [0x00007fc925912000, 0x00007fc925b82000, 0x00007fc925ea3000]
 total_blobs=662 nmethods=289 adapters=288
 compilation: enabled
              stopped_count=0, restarted_count=0
 full_count=0

Compilation events (20 events):
Event: 0.551 Thread 0x00007fc93014ee50 nmethod 275 0x00007fc91e42ce90 code [0x00007fc91e42d040, 0x00007fc91e42d260]
Event: 0.552 Thread 0x00007fc93014ee50  276       3       java.nio.MappedByteBuffer::position (8 bytes)
Event: 0.552 Thread 0x00007fc93014ee50 nmethod 276 0x00007fc91e42d310 code [0x00007fc91e42d4c0, 0x00007fc91e42d660]
Event: 0.552 Thread 0x00007fc93014ee50  278   !   3       java.nio.DirectByteBuffer::getInt (27 bytes)
Event: 0.552 Thread 0x00007fc93014ee50 nmethod 278 0x00007fc91e42d710 code [0x00007fc91e42d900, 0x00007fc91e42dc80]
Event: 0.552 Thread 0x00007fc93014ee50  279   !   3       java.nio.DirectByteBuffer::getInt (36 bytes)
Event: 0.554 Thread 0x00007fc93014ee50 nmethod 279 0x00007fc91e42df10 code [0x00007fc91e42e140, 0x00007fc91e42e970]
Event: 0.554 Thread 0x00007fc93014ee50  277       3       java.util.TreeMap::setColor (10 bytes)
Event: 0.554 Thread 0x00007fc93014ee50 nmethod 277 0x00007fc91e42ee10 code [0x00007fc91e42efa0, 0x00007fc91e42f0d0]
Event: 0.554 Thread 0x00007fc93014ee50  282       3       java.lang.StringCoding::hasNegatives (25 bytes)
Event: 0.554 Thread 0x00007fc93014ee50 nmethod 282 0x00007fc91e42f190 code [0x00007fc91e42f340, 0x00007fc91e42f570]
Event: 0.554 Thread 0x00007fc93014ee50  280       3       java.nio.MappedByteBuffer::position (6 bytes)
Event: 0.555 Thread 0x00007fc93014ee50 nmethod 280 0x00007fc91e42f690 code [0x00007fc91e42f840, 0x00007fc91e42fa40]
Event: 0.555 Thread 0x00007fc93014ee50  283   !   3       sun.jvmstat.perfdata.monitor.v2_0.PerfDataBuffer::getNextMonitorEntry (961 bytes)
Event: 0.555 Thread 0x00007fc93014d960  284   !   4       java.nio.DirectByteBuffer::get (33 bytes)
Event: 0.558 Thread 0x00007fc93014d960 nmethod 284 0x00007fc925eb8390 code [0x00007fc925eb8520, 0x00007fc925eb85f8]
Event: 0.564 Thread 0x00007fc93014ee50 nmethod 283 0x00007fc91e42fb90 code [0x00007fc91e4303c0, 0x00007fc91e434010]
Event: 0.564 Thread 0x00007fc93014ee50  281       1       sun.jvmstat.monitor.AbstractMonitor::getName (5 bytes)
Event: 0.564 Thread 0x00007fc93014ee50 nmethod 281 0x00007fc925eb8710 code [0x00007fc925eb88a0, 0x00007fc925eb8970]
Event: 0.564 Thread 0x00007fc93014ee50  285       3       java.util.TreeMap::leftOf (13 bytes)

GC Heap History (0 events):
No events

Dll operation events (4 events):
Event: 0.005 Loaded shared library /home/dell/.vscode/extensions/redhat.java-1.25.1-linux-x64/jre/17.0.9-linux-x86_64/lib/libjava.so
Event: 0.252 Loaded shared library /home/dell/.vscode/extensions/redhat.java-1.25.1-linux-x64/jre/17.0.9-linux-x86_64/lib/libnio.so
Event: 0.258 Loaded shared library /home/dell/.vscode/extensions/redhat.java-1.25.1-linux-x64/jre/17.0.9-linux-x86_64/lib/libjimage.so
Event: 0.313 Loaded shared library /home/dell/.vscode/extensions/redhat.java-1.25.1-linux-x64/jre/17.0.9-linux-x86_64/lib/libzip.so

Deoptimization events (4 events):
Event: 0.318 Thread 0x00007fc930025960 Uncommon trap: trap_request=0xffffff45 fr.pc=0x00007fc925ea604c relative=0x00000000000001ac
Event: 0.318 Thread 0x00007fc930025960 Uncommon trap: reason=unstable_if action=reinterpret pc=0x00007fc925ea604c method=java.lang.String.hashCode()I @ 42 c2
Event: 0.318 Thread 0x00007fc930025960 DEOPT PACKING pc=0x00007fc925ea604c sp=0x00007fc9360d8b60
Event: 0.319 Thread 0x00007fc930025960 DEOPT UNPACKING pc=0x00007fc925968699 sp=0x00007fc9360d8b18 mode 2

Classes unloaded (0 events):
No events

Classes redefined (0 events):
No events

Internal exceptions (0 events):
No events

VM Operations (2 events):
Event: 0.182 Executing VM operation: HandshakeAllThreads
Event: 0.182 Executing VM operation: HandshakeAllThreads done

Events (20 events):
Event: 0.535 loading class java/nio/DirectLongBufferU
Event: 0.535 loading class java/nio/LongBuffer
Event: 0.536 loading class java/nio/LongBuffer done
Event: 0.536 loading class java/nio/DirectLongBufferU done
Event: 0.558 loading class java/util/TreeMap$Values
Event: 0.559 loading class java/util/TreeMap$Values done
Event: 0.559 loading class java/util/TreeMap$ValueIterator
Event: 0.559 loading class java/util/TreeMap$PrivateEntryIterator
Event: 0.559 loading class java/util/TreeMap$PrivateEntryIterator done
Event: 0.559 loading class java/util/TreeMap$ValueIterator done
Event: 0.560 loading class jdk/internal/module/Checks
Event: 0.560 loading class jdk/internal/module/Checks done
Event: 0.562 loading class java/io/BufferedReader
Event: 0.562 loading class java/io/BufferedReader done
Event: 0.563 loading class sun/net/www/protocol/jrt/JavaRuntimeURLConnection
Event: 0.563 loading class sun/net/www/URLConnection
Event: 0.563 loading class java/net/URLConnection
Event: 0.564 loading class java/net/URLConnection done
Event: 0.564 loading class sun/net/www/URLConnection done
Event: 0.564 loading class sun/net/www/protocol/jrt/JavaRuntimeURLConnection done


Dynamic libraries:
94c00000-95400000 rw-p 00000000 00:00 0 
95400000-100000000 ---p 00000000 00:00 0 
100000000-100040000 rw-p 00000000 00:00 0 
100040000-100090000 rw-p 00000000 00:00 0 
100090000-1000c0000 ---p 00000000 00:00 0 
1000c0000-1000d0000 rw-p 00000000 00:00 0 
1000d0000-140000000 ---p 00000000 00:00 0 
55bb162c5000-55bb162c6000 r--p 00000000 08:02 23371892                   /home/dell/.vscode/extensions/redhat.java-1.25.1-linux-x64/jre/17.0.9-linux-x86_64/bin/jcmd
55bb162c6000-55bb162c7000 r-xp 00001000 08:02 23371892                   /home/dell/.vscode/extensions/redhat.java-1.25.1-linux-x64/jre/17.0.9-linux-x86_64/bin/jcmd
55bb162c7000-55bb162c8000 r--p 00002000 08:02 23371892                   /home/dell/.vscode/extensions/redhat.java-1.25.1-linux-x64/jre/17.0.9-linux-x86_64/bin/jcmd
55bb162c8000-55bb162c9000 r--p 00002000 08:02 23371892                   /home/dell/.vscode/extensions/redhat.java-1.25.1-linux-x64/jre/17.0.9-linux-x86_64/bin/jcmd
55bb162c9000-55bb162ca000 rw-p 00003000 08:02 23371892                   /home/dell/.vscode/extensions/redhat.java-1.25.1-linux-x64/jre/17.0.9-linux-x86_64/bin/jcmd
55bb16eb3000-55bb16efa000 rw-p 00000000 00:00 0                          [heap]
7fc8cfc19000-7fc8d0000000 rw-p 00000000 00:00 0 
7fc8d0000000-7fc8d0021000 rw-p 00000000 00:00 0 
7fc8d0021000-7fc8d4000000 ---p 00000000 00:00 0 
7fc8d4000000-7fc8d4021000 rw-p 00000000 00:00 0 
7fc8d4021000-7fc8d8000000 ---p 00000000 00:00 0 
7fc8d8000000-7fc8d8021000 rw-p 00000000 00:00 0 
7fc8d8021000-7fc8dc000000 ---p 00000000 00:00 0 
7fc8dc000000-7fc8dc021000 rw-p 00000000 00:00 0 
7fc8dc021000-7fc8e0000000 ---p 00000000 00:00 0 
7fc8e0000000-7fc8e00af000 rw-p 00000000 00:00 0 
7fc8e00af000-7fc8e4000000 ---p 00000000 00:00 0 
7fc8e4000000-7fc8e41b0000 rw-p 00000000 00:00 0 
7fc8e41b0000-7fc8e8000000 ---p 00000000 00:00 0 
7fc8e8000000-7fc8e8021000 rw-p 00000000 00:00 0 
7fc8e8021000-7fc8ec000000 ---p 00000000 00:00 0 
7fc8ec000000-7fc8ec021000 rw-p 00000000 00:00 0 
7fc8ec021000-7fc8f0000000 ---p 00000000 00:00 0 
7fc8f0000000-7fc8f0021000 rw-p 00000000 00:00 0 
7fc8f0021000-7fc8f4000000 ---p 00000000 00:00 0 
7fc8f4000000-7fc8f4021000 rw-p 00000000 00:00 0 
7fc8f4021000-7fc8f8000000 ---p 00000000 00:00 0 
7fc8f8000000-7fc8f8021000 rw-p 00000000 00:00 0 
7fc8f8021000-7fc8fc000000 ---p 00000000 00:00 0 
7fc8fc000000-7fc8fc021000 rw-p 00000000 00:00 0 
7fc8fc021000-7fc900000000 ---p 00000000 00:00 0 
7fc900000000-7fc900400000 rw-p 00000000 00:00 0 
7fc900400000-7fc900440000 rw-p 00000000 00:00 0 
7fc900440000-7fc900500000 ---p 00000000 00:00 0 
7fc900500000-7fc9005d0000 rw-p 00000000 00:00 0 
7fc9005d0000-7fc904000000 ---p 00000000 00:00 0 
7fc904000000-7fc904021000 rw-p 00000000 00:00 0 
7fc904021000-7fc908000000 ---p 00000000 00:00 0 
7fc908000000-7fc908021000 rw-p 00000000 00:00 0 
7fc908021000-7fc90c000000 ---p 00000000 00:00 0 
7fc90c000000-7fc90c021000 rw-p 00000000 00:00 0 
7fc90c021000-7fc910000000 ---p 00000000 00:00 0 
7fc910000000-7fc910021000 rw-p 00000000 00:00 0 
7fc910021000-7fc914000000 ---p 00000000 00:00 0 
7fc914000000-7fc914021000 rw-p 00000000 00:00 0 
7fc914021000-7fc918000000 ---p 00000000 00:00 0 
7fc9180c3000-7fc9180c7000 ---p 00000000 00:00 0 
7fc9180c7000-7fc9181c4000 rw-p 00000000 00:00 0 
7fc9181c4000-7fc9181c5000 ---p 00000000 00:00 0 
7fc9181c5000-7fc9182c5000 rw-p 00000000 00:00 0 
7fc9182c5000-7fc9182c9000 ---p 00000000 00:00 0 
7fc9182c9000-7fc9183c6000 rw-p 00000000 00:00 0 
7fc9183c6000-7fc9183ca000 ---p 00000000 00:00 0 
7fc9183ca000-7fc9184c7000 rw-p 00000000 00:00 0 
7fc9184c7000-7fc9184cb000 ---p 00000000 00:00 0 
7fc9184cb000-7fc9185c8000 rw-p 00000000 00:00 0 
7fc9185c8000-7fc9185cc000 ---p 00000000 00:00 0 
7fc9185cc000-7fc9186c9000 rw-p 00000000 00:00 0 
7fc9186c9000-7fc9186cd000 ---p 00000000 00:00 0 
7fc9186cd000-7fc9187ca000 rw-p 00000000 00:00 0 
7fc9187ca000-7fc9187ce000 ---p 00000000 00:00 0 
7fc9187ce000-7fc9188cb000 rw-p 00000000 00:00 0 
7fc9188cb000-7fc918e3b000 r--p 00000000 08:02 2359951                    /usr/lib/locale/locale-archive
7fc918e3b000-7fc91ae5b000 rw-p 00000000 00:00 0 
7fc91ae5b000-7fc91c90b000 ---p 00000000 00:00 0 
7fc91c90b000-7fc91c92b000 rw-p 00000000 00:00 0 
7fc91c92b000-7fc91e3db000 ---p 00000000 00:00 0 
7fc91e3db000-7fc91e64b000 rwxp 00000000 00:00 0 
7fc91e64b000-7fc925912000 ---p 00000000 00:00 0 
7fc925912000-7fc925b82000 rwxp 00000000 00:00 0 
7fc925b82000-7fc925ea3000 ---p 00000000 00:00 0 
7fc925ea3000-7fc926113000 rwxp 00000000 00:00 0 
7fc926113000-7fc92d3db000 ---p 00000000 00:00 0 
7fc92d3db000-7fc930000000 r--s 00000000 08:02 23372425                   /home/dell/.vscode/extensions/redhat.java-1.25.1-linux-x64/jre/17.0.9-linux-x86_64/lib/modules
7fc930000000-7fc93029f000 rw-p 00000000 00:00 0 
7fc93029f000-7fc934000000 ---p 00000000 00:00 0 
7fc93409f000-7fc9340d0000 rw-p 00000000 00:00 0 
7fc9340d0000-7fc9340d4000 r--p 00000000 08:02 23372406                   /home/dell/.vscode/extensions/redhat.java-1.25.1-linux-x64/jre/17.0.9-linux-x86_64/lib/libnet.so
7fc9340d4000-7fc9340e2000 r-xp 00004000 08:02 23372406                   /home/dell/.vscode/extensions/redhat.java-1.25.1-linux-x64/jre/17.0.9-linux-x86_64/lib/libnet.so
7fc9340e2000-7fc9340e6000 r--p 00012000 08:02 23372406                   /home/dell/.vscode/extensions/redhat.java-1.25.1-linux-x64/jre/17.0.9-linux-x86_64/lib/libnet.so
7fc9340e6000-7fc9340e7000 r--p 00015000 08:02 23372406                   /home/dell/.vscode/extensions/redhat.java-1.25.1-linux-x64/jre/17.0.9-linux-x86_64/lib/libnet.so
7fc9340e7000-7fc9340e8000 rw-p 00016000 08:02 23372406                   /home/dell/.vscode/extensions/redhat.java-1.25.1-linux-x64/jre/17.0.9-linux-x86_64/lib/libnet.so
7fc9340e8000-7fc9340ef000 r--p 00000000 08:02 23372410                   /home/dell/.vscode/extensions/redhat.java-1.25.1-linux-x64/jre/17.0.9-linux-x86_64/lib/libnio.so
7fc9340ef000-7fc9340f8000 r-xp 00007000 08:02 23372410                   /home/dell/.vscode/extensions/redhat.java-1.25.1-linux-x64/jre/17.0.9-linux-x86_64/lib/libnio.so
7fc9340f8000-7fc9340fc000 r--p 00010000 08:02 23372410                   /home/dell/.vscode/extensions/redhat.java-1.25.1-linux-x64/jre/17.0.9-linux-x86_64/lib/libnio.so
7fc9340fc000-7fc9340fd000 ---p 00014000 08:02 23372410                   /home/dell/.vscode/extensions/redhat.java-1.25.1-linux-x64/jre/17.0.9-linux-x86_64/lib/libnio.so
7fc9340fd000-7fc9340fe000 r--p 00014000 08:02 23372410                   /home/dell/.vscode/extensions/redhat.java-1.25.1-linux-x64/jre/17.0.9-linux-x86_64/lib/libnio.so
7fc9340fe000-7fc9340ff000 rw-p 00015000 08:02 23372410                   /home/dell/.vscode/extensions/redhat.java-1.25.1-linux-x64/jre/17.0.9-linux-x86_64/lib/libnio.so
7fc9340ff000-7fc934103000 ---p 00000000 00:00 0 
7fc934103000-7fc934200000 rw-p 00000000 00:00 0 
7fc934200000-7fc934204000 ---p 00000000 00:00 0 
7fc934204000-7fc934301000 rw-p 00000000 00:00 0 
7fc934301000-7fc934305000 ---p 00000000 00:00 0 
7fc934305000-7fc934402000 rw-p 00000000 00:00 0 
7fc934402000-7fc934403000 ---p 00000000 00:00 0 
7fc934403000-7fc934503000 rw-p 00000000 00:00 0 
7fc934503000-7fc934505000 r--p 00000000 08:02 23372424                   /home/dell/.vscode/extensions/redhat.java-1.25.1-linux-x64/jre/17.0.9-linux-x86_64/lib/libzip.so
7fc934505000-7fc934517000 r-xp 00002000 08:02 23372424                   /home/dell/.vscode/extensions/redhat.java-1.25.1-linux-x64/jre/17.0.9-linux-x86_64/lib/libzip.so
7fc934517000-7fc93451f000 r--p 00014000 08:02 23372424                   /home/dell/.vscode/extensions/redhat.java-1.25.1-linux-x64/jre/17.0.9-linux-x86_64/lib/libzip.so
7fc93451f000-7fc934520000 r--p 0001b000 08:02 23372424                   /home/dell/.vscode/extensions/redhat.java-1.25.1-linux-x64/jre/17.0.9-linux-x86_64/lib/libzip.so
7fc934520000-7fc934521000 rw-p 0001c000 08:02 23372424                   /home/dell/.vscode/extensions/redhat.java-1.25.1-linux-x64/jre/17.0.9-linux-x86_64/lib/libzip.so
7fc934521000-7fc93463e000 rw-p 00000000 00:00 0 
7fc93463e000-7fc93463f000 ---p 00000000 00:00 0 
7fc93463f000-7fc93473f000 rw-p 00000000 00:00 0 
7fc93473f000-7fc934740000 ---p 00000000 00:00 0 
7fc934740000-7fc934c44000 rw-p 00000000 00:00 0 
7fc934c44000-7fc934c45000 ---p 00000000 00:00 0 
7fc934c45000-7fc934d45000 rw-p 00000000 00:00 0 
7fc934d45000-7fc934d46000 ---p 00000000 00:00 0 
7fc934d46000-7fc934e46000 rw-p 00000000 00:00 0 
7fc934e46000-7fc934e47000 ---p 00000000 00:00 0 
7fc934e47000-7fc934f85000 rw-p 00000000 00:00 0 
7fc934f85000-7fc9352db000 ---p 00000000 00:00 0 
7fc9352db000-7fc9352df000 rw-p 00000000 00:00 0 
7fc9352df000-7fc935635000 ---p 00000000 00:00 0 
7fc935635000-7fc935639000 rw-p 00000000 00:00 0 
7fc935639000-7fc93598f000 ---p 00000000 00:00 0 
7fc93598f000-7fc935d98000 rw-p 00000000 00:00 0 
7fc935d98000-7fc935e7e000 ---p 00000000 00:00 0 
7fc935e7e000-7fc935e83000 rw-p 00000000 00:00 0 
7fc935e83000-7fc935f69000 ---p 00000000 00:00 0 
7fc935f69000-7fc935f77000 r--p 00000000 08:02 23372352                   /home/dell/.vscode/extensions/redhat.java-1.25.1-linux-x64/jre/17.0.9-linux-x86_64/lib/libjava.so
7fc935f77000-7fc935f89000 r-xp 0000e000 08:02 23372352                   /home/dell/.vscode/extensions/redhat.java-1.25.1-linux-x64/jre/17.0.9-linux-x86_64/lib/libjava.so
7fc935f89000-7fc935f8f000 r--p 00020000 08:02 23372352                   /home/dell/.vscode/extensions/redhat.java-1.25.1-linux-x64/jre/17.0.9-linux-x86_64/lib/libjava.so
7fc935f8f000-7fc935f90000 ---p 00026000 08:02 23372352                   /home/dell/.vscode/extensions/redhat.java-1.25.1-linux-x64/jre/17.0.9-linux-x86_64/lib/libjava.so
7fc935f90000-7fc935f91000 r--p 00026000 08:02 23372352                   /home/dell/.vscode/extensions/redhat.java-1.25.1-linux-x64/jre/17.0.9-linux-x86_64/lib/libjava.so
7fc935f91000-7fc935f92000 rw-p 00027000 08:02 23372352                   /home/dell/.vscode/extensions/redhat.java-1.25.1-linux-x64/jre/17.0.9-linux-x86_64/lib/libjava.so
7fc935f92000-7fc935f93000 rw-p 00000000 00:00 0 
7fc935f93000-7fc935f96000 r--p 00000000 08:02 2365148                    /usr/lib/x86_64-linux-gnu/libnss_files-2.31.so
7fc935f96000-7fc935f9d000 r-xp 00003000 08:02 2365148                    /usr/lib/x86_64-linux-gnu/libnss_files-2.31.so
7fc935f9d000-7fc935f9f000 r--p 0000a000 08:02 2365148                    /usr/lib/x86_64-linux-gnu/libnss_files-2.31.so
7fc935f9f000-7fc935fa0000 r--p 0000b000 08:02 2365148                    /usr/lib/x86_64-linux-gnu/libnss_files-2.31.so
7fc935fa0000-7fc935fa1000 rw-p 0000c000 08:02 2365148                    /usr/lib/x86_64-linux-gnu/libnss_files-2.31.so
7fc935fa1000-7fc935fa7000 rw-p 00000000 00:00 0 
7fc935fa7000-7fc935fae000 r--s 00000000 08:02 3017335                    /usr/lib/x86_64-linux-gnu/gconv/gconv-modules.cache
7fc935fae000-7fc935fb3000 rw-p 00000000 00:00 0 
7fc935fb3000-7fc935fba000 ---p 00000000 00:00 0 
7fc935fba000-7fc935fbe000 r--p 00000000 08:02 23372370                   /home/dell/.vscode/extensions/redhat.java-1.25.1-linux-x64/jre/17.0.9-linux-x86_64/lib/libjimage.so
7fc935fbe000-7fc935fd1000 r-xp 00004000 08:02 23372370                   /home/dell/.vscode/extensions/redhat.java-1.25.1-linux-x64/jre/17.0.9-linux-x86_64/lib/libjimage.so
7fc935fd1000-7fc935fd7000 r--p 00017000 08:02 23372370                   /home/dell/.vscode/extensions/redhat.java-1.25.1-linux-x64/jre/17.0.9-linux-x86_64/lib/libjimage.so
7fc935fd7000-7fc935fd9000 r--p 0001c000 08:02 23372370                   /home/dell/.vscode/extensions/redhat.java-1.25.1-linux-x64/jre/17.0.9-linux-x86_64/lib/libjimage.so
7fc935fd9000-7fc935fda000 rw-p 0001e000 08:02 23372370                   /home/dell/.vscode/extensions/redhat.java-1.25.1-linux-x64/jre/17.0.9-linux-x86_64/lib/libjimage.so
7fc935fda000-7fc935fde000 ---p 00000000 00:00 0 
7fc935fde000-7fc9360db000 rw-p 00000000 00:00 0 
7fc9360db000-7fc9360e8000 r--p 00000000 08:02 2365142                    /usr/lib/x86_64-linux-gnu/libm-2.31.so
7fc9360e8000-7fc93618f000 r-xp 0000d000 08:02 2365142                    /usr/lib/x86_64-linux-gnu/libm-2.31.so
7fc93618f000-7fc936228000 r--p 000b4000 08:02 2365142                    /usr/lib/x86_64-linux-gnu/libm-2.31.so
7fc936228000-7fc936229000 r--p 0014c000 08:02 2365142                    /usr/lib/x86_64-linux-gnu/libm-2.31.so
7fc936229000-7fc93622a000 rw-p 0014d000 08:02 2365142                    /usr/lib/x86_64-linux-gnu/libm-2.31.so
7fc93622a000-7fc93622c000 r--p 00000000 08:02 2365155                    /usr/lib/x86_64-linux-gnu/librt-2.31.so
7fc93622c000-7fc936230000 r-xp 00002000 08:02 2365155                    /usr/lib/x86_64-linux-gnu/librt-2.31.so
7fc936230000-7fc936232000 r--p 00006000 08:02 2365155                    /usr/lib/x86_64-linux-gnu/librt-2.31.so
7fc936232000-7fc936233000 r--p 00007000 08:02 2365155                    /usr/lib/x86_64-linux-gnu/librt-2.31.so
7fc936233000-7fc936234000 rw-p 00008000 08:02 2365155                    /usr/lib/x86_64-linux-gnu/librt-2.31.so
7fc936234000-7fc936487000 r--p 00000000 08:02 23372454                   /home/dell/.vscode/extensions/redhat.java-1.25.1-linux-x64/jre/17.0.9-linux-x86_64/lib/server/libjvm.so
7fc936487000-7fc9371a5000 r-xp 00253000 08:02 23372454                   /home/dell/.vscode/extensions/redhat.java-1.25.1-linux-x64/jre/17.0.9-linux-x86_64/lib/server/libjvm.so
7fc9371a5000-7fc937431000 r--p 00f71000 08:02 23372454                   /home/dell/.vscode/extensions/redhat.java-1.25.1-linux-x64/jre/17.0.9-linux-x86_64/lib/server/libjvm.so
7fc937431000-7fc9374ea000 r--p 011fc000 08:02 23372454                   /home/dell/.vscode/extensions/redhat.java-1.25.1-linux-x64/jre/17.0.9-linux-x86_64/lib/server/libjvm.so
7fc9374ea000-7fc93751f000 rw-p 012b5000 08:02 23372454                   /home/dell/.vscode/extensions/redhat.java-1.25.1-linux-x64/jre/17.0.9-linux-x86_64/lib/server/libjvm.so
7fc93751f000-7fc93757b000 rw-p 00000000 00:00 0 
7fc93757b000-7fc93759d000 r--p 00000000 08:02 2365140                    /usr/lib/x86_64-linux-gnu/libc-2.31.so
7fc93759d000-7fc937715000 r-xp 00022000 08:02 2365140                    /usr/lib/x86_64-linux-gnu/libc-2.31.so
7fc937715000-7fc937763000 r--p 0019a000 08:02 2365140                    /usr/lib/x86_64-linux-gnu/libc-2.31.so
7fc937763000-7fc937767000 r--p 001e7000 08:02 2365140                    /usr/lib/x86_64-linux-gnu/libc-2.31.so
7fc937767000-7fc937769000 rw-p 001eb000 08:02 2365140                    /usr/lib/x86_64-linux-gnu/libc-2.31.so
7fc937769000-7fc93776d000 rw-p 00000000 00:00 0 
7fc93776d000-7fc93776e000 r--p 00000000 08:02 2365141                    /usr/lib/x86_64-linux-gnu/libdl-2.31.so
7fc93776e000-7fc937770000 r-xp 00001000 08:02 2365141                    /usr/lib/x86_64-linux-gnu/libdl-2.31.so
7fc937770000-7fc937771000 r--p 00003000 08:02 2365141                    /usr/lib/x86_64-linux-gnu/libdl-2.31.so
7fc937771000-7fc937772000 r--p 00003000 08:02 2365141                    /usr/lib/x86_64-linux-gnu/libdl-2.31.so
7fc937772000-7fc937773000 rw-p 00004000 08:02 2365141                    /usr/lib/x86_64-linux-gnu/libdl-2.31.so
7fc937773000-7fc937779000 r--p 00000000 08:02 2365153                    /usr/lib/x86_64-linux-gnu/libpthread-2.31.so
7fc937779000-7fc93778a000 r-xp 00006000 08:02 2365153                    /usr/lib/x86_64-linux-gnu/libpthread-2.31.so
7fc93778a000-7fc937790000 r--p 00017000 08:02 2365153                    /usr/lib/x86_64-linux-gnu/libpthread-2.31.so
7fc937790000-7fc937791000 r--p 0001c000 08:02 2365153                    /usr/lib/x86_64-linux-gnu/libpthread-2.31.so
7fc937791000-7fc937792000 rw-p 0001d000 08:02 2365153                    /usr/lib/x86_64-linux-gnu/libpthread-2.31.so
7fc937792000-7fc937796000 rw-p 00000000 00:00 0 
7fc937797000-7fc93779f000 r--s 00000000 08:02 12862144                   /tmp/hsperfdata_dell/12637
7fc93779f000-7fc9377a7000 rw-s 00000000 08:02 12867122                   /tmp/hsperfdata_dell/144894
7fc9377a7000-7fc9377a8000 ---p 00000000 00:00 0 
7fc9377a8000-7fc9377a9000 r--p 00000000 00:00 0 
7fc9377a9000-7fc9377ac000 r--p 00000000 08:02 23372373                   /home/dell/.vscode/extensions/redhat.java-1.25.1-linux-x64/jre/17.0.9-linux-x86_64/lib/libjli.so
7fc9377ac000-7fc9377bc000 r-xp 00003000 08:02 23372373                   /home/dell/.vscode/extensions/redhat.java-1.25.1-linux-x64/jre/17.0.9-linux-x86_64/lib/libjli.so
7fc9377bc000-7fc9377c3000 r--p 00013000 08:02 23372373                   /home/dell/.vscode/extensions/redhat.java-1.25.1-linux-x64/jre/17.0.9-linux-x86_64/lib/libjli.so
7fc9377c3000-7fc9377c4000 r--p 00019000 08:02 23372373                   /home/dell/.vscode/extensions/redhat.java-1.25.1-linux-x64/jre/17.0.9-linux-x86_64/lib/libjli.so
7fc9377c4000-7fc9377c5000 rw-p 0001a000 08:02 23372373                   /home/dell/.vscode/extensions/redhat.java-1.25.1-linux-x64/jre/17.0.9-linux-x86_64/lib/libjli.so
7fc9377c5000-7fc9377c7000 rw-p 00000000 00:00 0 
7fc9377c7000-7fc9377c8000 r--p 00000000 08:02 2365136                    /usr/lib/x86_64-linux-gnu/ld-2.31.so
7fc9377c8000-7fc9377eb000 r-xp 00001000 08:02 2365136                    /usr/lib/x86_64-linux-gnu/ld-2.31.so
7fc9377eb000-7fc9377f3000 r--p 00024000 08:02 2365136                    /usr/lib/x86_64-linux-gnu/ld-2.31.so
7fc9377f3000-7fc9377f4000 ---p 00000000 00:00 0 
7fc9377f4000-7fc9377f5000 r--p 0002c000 08:02 2365136                    /usr/lib/x86_64-linux-gnu/ld-2.31.so
7fc9377f5000-7fc9377f6000 rw-p 0002d000 08:02 2365136                    /usr/lib/x86_64-linux-gnu/ld-2.31.so
7fc9377f6000-7fc9377f7000 rw-p 00000000 00:00 0 
7ffcf7e6d000-7ffcf7e8f000 rw-p 00000000 00:00 0                          [stack]
7ffcf7ecc000-7ffcf7ed0000 r--p 00000000 00:00 0                          [vvar]
7ffcf7ed0000-7ffcf7ed2000 r-xp 00000000 00:00 0                          [vdso]
ffffffffff600000-ffffffffff601000 --xp 00000000 00:00 0                  [vsyscall]


VM Arguments:
jvm_args: -Dapplication.home=/home/dell/.vscode/extensions/redhat.java-1.25.1-linux-x64/jre/17.0.9-linux-x86_64 -Xms8m -Djdk.module.main=jdk.jcmd 
java_command: jdk.jcmd/sun.tools.jcmd.JCmd 12637 VM.uptime
java_class_path (initial): <not set>
Launcher Type: SUN_STANDARD

[Global flags]
     intx CICompilerCount                          = 3                                         {product} {ergonomic}
     uint ConcGCThreads                            = 1                                         {product} {ergonomic}
     uint G1ConcRefinementThreads                  = 4                                         {product} {ergonomic}
   size_t G1HeapRegionSize                         = 1048576                                   {product} {ergonomic}
    uintx GCDrainStackTargetSize                   = 64                                        {product} {ergonomic}
   size_t InitialHeapSize                          = 8388608                                   {product} {command line}
   size_t MarkStackSize                            = 4194304                                   {product} {ergonomic}
   size_t MaxHeapSize                              = 1799356416                                {product} {ergonomic}
   size_t MaxNewSize                               = 1078984704                                {product} {ergonomic}
   size_t MinHeapDeltaBytes                        = 1048576                                   {product} {ergonomic}
   size_t MinHeapSize                              = 8388608                                   {product} {command line}
    uintx NonNMethodCodeHeapSize                   = 5832780                                {pd product} {ergonomic}
    uintx NonProfiledCodeHeapSize                  = 122912730                              {pd product} {ergonomic}
    uintx ProfiledCodeHeapSize                     = 122912730                              {pd product} {ergonomic}
    uintx ReservedCodeCacheSize                    = 251658240                              {pd product} {ergonomic}
     bool SegmentedCodeCache                       = true                                      {product} {ergonomic}
   size_t SoftMaxHeapSize                          = 1799356416                             {manageable} {ergonomic}
     bool UseCompressedClassPointers               = true                           {product lp64_product} {ergonomic}
     bool UseCompressedOops                        = true                           {product lp64_product} {ergonomic}
     bool UseG1GC                                  = true                                      {product} {ergonomic}

Logging:
Log output configuration:
 #0: stdout all=warning uptime,level,tags
 #1: stderr all=off uptime,level,tags

Environment Variables:
JAVA_HOME=/usr/lib/jvm/jdk-17-oracle-x64
PATH=/home/dell/.nvm/versions/node/v18.15.0/bin:/usr/local/sbin:/usr/local/bin:/usr/sbin:/usr/bin:/sbin:/bin:/usr/games:/usr/local/games:/snap/bin
USERNAME=dell
SHELL=/bin/bash
DISPLAY=:0
LANG=en_IN
TERM=xterm-256color

Active Locale:
LC_ALL=en_IN
LC_COLLATE=en_IN
LC_CTYPE=en_IN
LC_MESSAGES=en_IN
LC_MONETARY=en_IN
LC_NUMERIC=en_IN
LC_TIME=en_IN

Signal Handlers:
   SIGSEGV: crash_handler in libjvm.so, mask=11100100010111111101111111111110, flags=SA_RESTART|SA_SIGINFO, unblocked
    SIGBUS: crash_handler in libjvm.so, mask=11100100010111111101111111111110, flags=SA_RESTART|SA_SIGINFO, unblocked
    SIGFPE: crash_handler in libjvm.so, mask=11100100010111111101111111111110, flags=SA_RESTART|SA_SIGINFO, unblocked
   SIGPIPE: javaSignalHandler in libjvm.so, mask=11100100010111111101111111111110, flags=SA_RESTART|SA_SIGINFO, blocked
   SIGXFSZ: javaSignalHandler in libjvm.so, mask=11100100010111111101111111111110, flags=SA_RESTART|SA_SIGINFO, blocked
    SIGILL: crash_handler in libjvm.so, mask=11100100010111111101111111111110, flags=SA_RESTART|SA_SIGINFO, unblocked
   SIGUSR2: SR_handler in libjvm.so, mask=00000000000000000000000000000000, flags=SA_RESTART|SA_SIGINFO, blocked
    SIGHUP: UserHandler in libjvm.so, mask=11100100010111111101111111111110, flags=SA_RESTART|SA_SIGINFO, blocked
    SIGINT: UserHandler in libjvm.so, mask=11100100010111111101111111111110, flags=SA_RESTART|SA_SIGINFO, blocked
   SIGTERM: UserHandler in libjvm.so, mask=11100100010111111101111111111110, flags=SA_RESTART|SA_SIGINFO, blocked
   SIGQUIT: UserHandler in libjvm.so, mask=11100100010111111101111111111110, flags=SA_RESTART|SA_SIGINFO, blocked
   SIGTRAP: crash_handler in libjvm.so, mask=11100100010111111101111111111110, flags=SA_RESTART|SA_SIGINFO, unblocked


Periodic native trim disabled


---------------  S Y S T E M  ---------------

OS:
DISTRIB_ID=Ubuntu
DISTRIB_RELEASE=20.04
DISTRIB_CODENAME=focal
DISTRIB_DESCRIPTION="Ubuntu 20.04.6 LTS"
uname: Linux 5.15.0-91-generic #101~20.04.1-Ubuntu SMP Thu Nov 16 14:22:28 UTC 2023 x86_64
OS uptime: 0 days 3:15 hours
libc: glibc 2.31 NPTL 2.31 
rlimit (soft/hard): STACK 8192k/infinity , CORE 0k/infinity , NPROC 27093/27093 , NOFILE 1048576/1048576 , AS infinity/infinity , CPU infinity/infinity , DATA infinity/infinity , FSIZE infinity/infinity , MEMLOCK 65536k/65536k
load average: 4.75 3.34 2.97

/proc/meminfo:
MemTotal:        7021448 kB
MemFree:          625776 kB
MemAvailable:    1767232 kB
Buffers:          161836 kB
Cached:          1164628 kB
SwapCached:        97592 kB
Active:          1598668 kB
Inactive:        4229364 kB
Active(anon):     638560 kB
Inactive(anon):  3914208 kB
Active(file):     960108 kB
Inactive(file):   315156 kB
Unevictable:          32 kB
Mlocked:              32 kB
SwapTotal:       2097148 kB
SwapFree:         460768 kB
Dirty:              2336 kB
Writeback:             0 kB
AnonPages:       4404836 kB
Mapped:           464868 kB
Shmem:             51180 kB
KReclaimable:     171012 kB
Slab:             318868 kB
SReclaimable:     171012 kB
SUnreclaim:       147856 kB
KernelStack:       20656 kB
PageTables:        53764 kB
NFS_Unstable:          0 kB
Bounce:                0 kB
WritebackTmp:          0 kB
CommitLimit:     5607872 kB
Committed_AS:   15378880 kB
VmallocTotal:   34359738367 kB
VmallocUsed:       68856 kB
VmallocChunk:          0 kB
Percpu:             4816 kB
HardwareCorrupted:     0 kB
AnonHugePages:         0 kB
ShmemHugePages:        0 kB
ShmemPmdMapped:        0 kB
FileHugePages:         0 kB
FilePmdMapped:         0 kB
HugePages_Total:       0
HugePages_Free:        0
HugePages_Rsvd:        0
HugePages_Surp:        0
Hugepagesize:       2048 kB
Hugetlb:               0 kB
DirectMap4k:      517660 kB
DirectMap2M:     6748160 kB
DirectMap1G:           0 kB

/sys/kernel/mm/transparent_hugepage/enabled: always [madvise] never
/sys/kernel/mm/transparent_hugepage/defrag (defrag/compaction efforts parameter): always defer defer+madvise [madvise] never

Process Memory:
Virtual Size: 4504508K (peak: 4504584K)
Resident Set Size: 44140K (peak: 44140K) (anon: 20696K, file: 23444K, shmem: 0K)
Swapped out: 0K
C-Heap outstanding allocations: 18867K, retained: 2084K
glibc malloc tunables: (default)

/proc/sys/kernel/threads-max (system-wide limit on the number of threads): 54186
/proc/sys/vm/max_map_count (maximum number of memory map areas a process may have): 65530
/proc/sys/kernel/pid_max (system-wide limit on number of process identifiers): 4194304

container (cgroup) information:
container_type: cgroupv1
cpu_cpuset_cpus: 0-3
cpu_memory_nodes: 0
active_processor_count: 4
cpu_quota: no quota
cpu_period: 100000
cpu_shares: no shares
memory_limit_in_bytes: unlimited
memory_and_swap_limit_in_bytes: unlimited
memory_soft_limit_in_bytes: unlimited
memory_usage_in_bytes: 5115968 k
memory_max_usage_in_bytes: 5710112 k
kernel_memory_usage_in_bytes: 181772 k
kernel_memory_max_usage_in_bytes: unlimited
kernel_memory_limit_in_bytes: 260460 k
maximum number of tasks: unlimited
current number of tasks: 943

Steal ticks since vm start: 0
Steal ticks percentage since vm start:  0.000

CPU: total 4 (initial active 4) (4 cores per cpu, 1 threads per core) family 22 model 48 stepping 1 microcode 0x7030105, cx8, cmov, fxsr, mmx, 3dnowpref, sse, sse2, sse3, ssse3, sse4a, sse4.1, sse4.2, popcnt, lzcnt, tsc, tscinvbit, avx, aes, clmul, bmi1, vzeroupper, clflush
CPU Model and flags from /proc/cpuinfo:
model name	: AMD A6-6310 APU with AMD Radeon R4 Graphics
flags		: fpu vme de pse tsc msr pae mce cx8 apic sep mtrr pge mca cmov pat pse36 clflush mmx fxsr sse sse2 ht syscall nx mmxext fxsr_opt pdpe1gb rdtscp lm constant_tsc rep_good acc_power nopl nonstop_tsc cpuid extd_apicid aperfmperf pni pclmulqdq monitor ssse3 cx16 sse4_1 sse4_2 movbe popcnt aes xsave avx f16c lahf_lm cmp_legacy svm extapic cr8_legacy abm sse4a misalignsse 3dnowprefetch osvw ibs skinit wdt topoext perfctr_nb bpext ptsc perfctr_llc cpb hw_pstate ssbd vmmcall bmi1 xsaveopt arat npt lbrv svm_lock nrip_save tsc_scale flushbyasid decodeassists pausefilter pfthreshold overflow_recov

Online cpus: 0-3
Offline cpus: 
BIOS frequency limitation: 1800000
Frequency switch latency (ns): 4000
Available cpu frequencies: 1800000 1600000 1400000 1200000 1000000 
Current governor: ondemand
Core performance/turbo boost: 1

Memory: 4k page, physical 7021448k(625776k free), swap 2097148k(460768k free)
Page Sizes: 4k

vm_info: OpenJDK 64-Bit Server VM (17.0.9+9) for linux-amd64 JRE (17.0.9+9), built on Oct 17 2023 00:00:00 by "admin" with gcc 10.3.0

END.
